Build started 12/10/2013 9:07:26 AM.
     1>Project "C:\Users\baldwinj\Desktop\GitHub\cplusplus-vs2012-starter\Addition\Quads\Quads.vcxproj" on node 2 (Build target(s)).
     1>ClCompile:
         C:\Program Files (x86)\Microsoft Visual Studio 2012\VC\bin\CL.exe /c /ZI /nologo /W3 /WX- /Od /Oy- /D _MBCS /Gm /EHsc /RTC1 /MDd /GS /fp:precise /Zc:wchar_t /Zc:forScope /Fo"Debug\\" /Fd"Debug\vc110.pdb" /Gd /TP /analyze- /errorReport:prompt Helper.cpp main.cpp
         main.cpp
         Generating Code...
         Compiling...
         Helper.cpp
     1>c:\users\baldwinj\desktop\github\cplusplus-vs2012-starter\addition\quads\helper.cpp(18): warning C4018: '<' : signed/unsigned mismatch
     1>c:\users\baldwinj\desktop\github\cplusplus-vs2012-starter\addition\quads\helper.cpp(32): warning C4018: '<' : signed/unsigned mismatch
     1>c:\users\baldwinj\desktop\github\cplusplus-vs2012-starter\addition\quads\helper.cpp(171): warning C4244: '+=' : conversion from 'double' to 'int', possible loss of data
     1>c:\users\baldwinj\desktop\github\cplusplus-vs2012-starter\addition\quads\helper.cpp(296): warning C4018: '<' : signed/unsigned mismatch
         Generating Code...
       Link:
         C:\Program Files (x86)\Microsoft Visual Studio 2012\VC\bin\link.exe /ERRORREPORT:PROMPT /OUT:"C:\Users\baldwinj\Desktop\GitHub\cplusplus-vs2012-starter\Addition\Debug\Quads.exe" /INCREMENTAL /NOLOGO kernel32.lib user32.lib gdi32.lib winspool.lib comdlg32.lib advapi32.lib shell32.lib ole32.lib oleaut32.lib uuid.lib odbc32.lib odbccp32.lib /MANIFEST /MANIFESTUAC:"level='asInvoker' uiAccess='false'" /manifest:embed /DEBUG /PDB:"C:\Users\baldwinj\Desktop\GitHub\cplusplus-vs2012-starter\Addition\Debug\Quads.pdb" /TLBID:1 /DYNAMICBASE /NXCOMPAT /IMPLIB:"C:\Users\baldwinj\Desktop\GitHub\cplusplus-vs2012-starter\Addition\Debug\Quads.lib" /MACHINE:X86 Debug\Helper.obj
         Debug\main.obj
         Quads.vcxproj -> C:\Users\baldwinj\Desktop\GitHub\cplusplus-vs2012-starter\Addition\Debug\Quads.exe
     1>Done Building Project "C:\Users\baldwinj\Desktop\GitHub\cplusplus-vs2012-starter\Addition\Quads\Quads.vcxproj" (Build target(s)).

Build succeeded.

Time Elapsed 00:00:02.92
