C:\USERS\BALDWINJ\DESKTOP\SUPERHERO\SUPERHERO\DEBUG\HELPER.OBJ
C:\USERS\BALDWINJ\DESKTOP\SUPERHERO\SUPERHERO\DEBUG\SUPERHERO.OBJ
C:\USERS\BALDWINJ\DESKTOP\SUPERHERO\SUPERHERO\DEBUG\VC110.PDB
C:\USERS\BALDWINJ\DESKTOP\SUPERHERO\SUPERHERO\DEBUG\MAIN.OBJ
C:\USERS\BALDWINJ\DESKTOP\SUPERHERO\DEBUG\SUPERHERO.ILK
C:\USERS\BALDWINJ\DESKTOP\SUPERHERO\DEBUG\SUPERHERO.EXE
C:\USERS\BALDWINJ\DESKTOP\SUPERHERO\DEBUG\SUPERHERO.PDB
C:\Users\baldwinj\Desktop\SuperHero\SuperHero\Debug\Helper.obj
C:\Users\baldwinj\Desktop\SuperHero\SuperHero\Debug\Main.obj
C:\Users\baldwinj\Desktop\SuperHero\SuperHero\Debug\Superhero.obj
C:\Users\baldwinj\Desktop\SuperHero\SuperHero\Debug\cl.command.1.tlog
C:\Users\baldwinj\Desktop\SuperHero\SuperHero\Debug\CL.read.1.tlog
C:\Users\baldwinj\Desktop\SuperHero\SuperHero\Debug\CL.write.1.tlog
C:\Users\baldwinj\Desktop\SuperHero\SuperHero\Debug\link-cvtres.read.1.tlog
C:\Users\baldwinj\Desktop\SuperHero\SuperHero\Debug\link-cvtres.write.1.tlog
C:\Users\baldwinj\Desktop\SuperHero\SuperHero\Debug\link-rc.read.1.tlog
C:\Users\baldwinj\Desktop\SuperHero\SuperHero\Debug\link-rc.write.1.tlog
C:\Users\baldwinj\Desktop\SuperHero\SuperHero\Debug\link.command.1.tlog
C:\Users\baldwinj\Desktop\SuperHero\SuperHero\Debug\link.read.1.tlog
C:\Users\baldwinj\Desktop\SuperHero\SuperHero\Debug\link.write.1.tlog
C:\Users\baldwinj\Desktop\SuperHero\SuperHero\Debug\vc110.idb
C:\Users\baldwinj\Desktop\SuperHero\SuperHero\Debug\vc110.pdb
C:\Users\baldwinj\Desktop\SuperHero\Debug\SuperHero.pdb
C:\Users\baldwinj\Desktop\SuperHero\Debug\SuperHero.exe
C:\Users\baldwinj\Desktop\SuperHero\Debug\SuperHero.ilk
